
2018-03-30 12:37:52============================
array (
  'ToCountry' => 'US',
  'ToState' => 'NJ',
  'SmsMessageSid' => 'SMacbead31008517b0cbedcbae646cae98',
  'NumMedia' => '0',
  'ToCity' => 'LEONIA',
  'FromZip' => '',
  'SmsSid' => 'SMacbead31008517b0cbedcbae646cae98',
  'FromState' => '',
  'SmsStatus' => 'received',
  'FromCity' => '',
  'Body' => '马上到。',
  'FromCountry' => 'CN',
  'To' => '+12017201022',
  'ToZip' => '07605',
  'NumSegments' => '1',
  'MessageSid' => 'SMacbead31008517b0cbedcbae646cae98',
  'AccountSid' => 'ACde4503f710ed1a660ef2d2bf9951d2a9',
  'From' => '+8613685827896',
  'ApiVersion' => '2010-04-01',
)
2018-03-31 18:39:30============================
array (
  'ToCountry' => 'US',
  'ToState' => 'TX',
  'SmsMessageSid' => 'SMffb7e11745b0e7e0a879b593a9b5bcda',
  'NumMedia' => '0',
  'ToCity' => 'PLEASANTON',
  'FromZip' => '',
  'SmsSid' => 'SMffb7e11745b0e7e0a879b593a9b5bcda',
  'FromState' => '',
  'SmsStatus' => 'received',
  'FromCity' => '',
  'Body' => '抱歉，我正在开车。',
  'FromCountry' => 'CN',
  'To' => '+18302762283',
  'ToZip' => '78065',
  'NumSegments' => '1',
  'MessageSid' => 'SMffb7e11745b0e7e0a879b593a9b5bcda',
  'AccountSid' => 'ACde4503f710ed1a660ef2d2bf9951d2a9',
  'From' => '+8618677576343',
  'ApiVersion' => '2010-04-01',
)
2018-04-03 12:34:48============================
array (
  'ToCountry' => 'US',
  'ToState' => 'LA',
  'SmsMessageSid' => 'SMcce00a800edb2e81e4f01a3501bd064c',
  'NumMedia' => '0',
  'ToCity' => 'NEWELLTON',
  'FromZip' => '',
  'SmsSid' => 'SMcce00a800edb2e81e4f01a3501bd064c',
  'FromState' => '',
  'SmsStatus' => 'received',
  'FromCity' => '',
  'Body' => '我有点事，晚点儿给你回电话。',
  'FromCountry' => 'CN',
  'To' => '+13183013990',
  'ToZip' => '71366',
  'NumSegments' => '1',
  'MessageSid' => 'SMcce00a800edb2e81e4f01a3501bd064c',
  'AccountSid' => 'ACde4503f710ed1a660ef2d2bf9951d2a9',
  'From' => '+8613807262052',
  'ApiVersion' => '2010-04-01',
)
2018-04-03 16:33:36============================
array (
  'ToCountry' => 'US',
  'ToState' => 'TX',
  'SmsMessageSid' => 'SM815bce0fcdf98d57fb54e38b1fa0e1ec',
  'NumMedia' => '0',
  'ToCity' => '',
  'FromZip' => '',
  'SmsSid' => 'SM815bce0fcdf98d57fb54e38b1fa0e1ec',
  'FromState' => '',
  'SmsStatus' => 'received',
  'FromCity' => '',
  'Body' => '很抱歉，我现在不方便接电话。',
  'FromCountry' => 'CN',
  'To' => '+18063105303',
  'ToZip' => '',
  'NumSegments' => '1',
  'MessageSid' => 'SM815bce0fcdf98d57fb54e38b1fa0e1ec',
  'AccountSid' => 'ACde4503f710ed1a660ef2d2bf9951d2a9',
  'From' => '+8613452006666',
  'ApiVersion' => '2010-04-01',
)
2018-04-05 17:20:23============================
array (
  'ToCountry' => 'US',
  'ToState' => 'IN',
  'SmsMessageSid' => 'SM3d80b3c523b959dccd40388f73c6ac3d',
  'NumMedia' => '0',
  'ToCity' => 'SPENCERVILLE',
  'FromZip' => '',
  'SmsSid' => 'SM3d80b3c523b959dccd40388f73c6ac3d',
  'FromState' => '',
  'SmsStatus' => 'received',
  'FromCity' => '',
  'Body' => '账号忘了
',
  'FromCountry' => 'CN',
  'To' => '+12602388509',
  'ToZip' => '46788',
  'NumSegments' => '1',
  'MessageSid' => 'SM3d80b3c523b959dccd40388f73c6ac3d',
  'AccountSid' => 'ACde4503f710ed1a660ef2d2bf9951d2a9',
  'From' => '+8617784060609',
  'ApiVersion' => '2010-04-01',
)
2018-04-05 20:22:20============================
array (
  'ToCountry' => 'US',
  'ToState' => 'SC',
  'SmsMessageSid' => 'SMb2cc0ed52a18df5d5eda3f8868e306ad',
  'NumMedia' => '0',
  'ToCity' => 'TAMPA',
  'FromZip' => '',
  'SmsSid' => 'SMb2cc0ed52a18df5d5eda3f8868e306ad',
  'FromState' => '',
  'SmsStatus' => 'received',
  'FromCity' => '',
  'Body' => '抱歉，我正在开车。',
  'FromCountry' => 'CN',
  'To' => '+18035003831',
  'ToZip' => '33619',
  'NumSegments' => '1',
  'MessageSid' => 'SMb2cc0ed52a18df5d5eda3f8868e306ad',
  'AccountSid' => 'ACde4503f710ed1a660ef2d2bf9951d2a9',
  'From' => '+8613755503335',
  'ApiVersion' => '2010-04-01',
)
2018-04-07 13:04:37============================
array (
  'ToCountry' => 'US',
  'ToState' => 'NJ',
  'SmsMessageSid' => 'SM605a67a5410faf676f38c87eea666674',
  'NumMedia' => '0',
  'ToCity' => 'ATLANTIC CITY',
  'FromZip' => '',
  'SmsSid' => 'SM605a67a5410faf676f38c87eea666674',
  'FromState' => '',
  'SmsStatus' => 'received',
  'FromCity' => '',
  'Body' => '马上到。',
  'FromCountry' => 'CN',
  'To' => '+16093850602',
  'ToZip' => '08402',
  'NumSegments' => '1',
  'MessageSid' => 'SM605a67a5410faf676f38c87eea666674',
  'AccountSid' => 'ACde4503f710ed1a660ef2d2bf9951d2a9',
  'From' => '+8613823321001',
  'ApiVersion' => '2010-04-01',
)
2018-04-10 15:12:02============================
array (
  'ToCountry' => 'US',
  'ToState' => '',
  'SmsMessageSid' => 'SM1a1b09daa44239bdbadbde9f65e528df',
  'NumMedia' => '0',
  'ToCity' => '',
  'FromZip' => '',
  'SmsSid' => 'SM1a1b09daa44239bdbadbde9f65e528df',
  'FromState' => '',
  'SmsStatus' => 'received',
  'FromCity' => '',
  'Body' => '？',
  'FromCountry' => 'CN',
  'To' => '+18338675817',
  'ToZip' => '',
  'NumSegments' => '1',
  'MessageSid' => 'SM1a1b09daa44239bdbadbde9f65e528df',
  'AccountSid' => 'ACde4503f710ed1a660ef2d2bf9951d2a9',
  'From' => '+8618086424076',
  'ApiVersion' => '2010-04-01',
)
2018-04-12 15:07:35============================
array (
  'ToCountry' => 'US',
  'ToState' => '',
  'SmsMessageSid' => 'SM9e7d6964d9b3f3a3af1b15da0474c164',
  'NumMedia' => '0',
  'ToCity' => '',
  'FromZip' => '',
  'SmsSid' => 'SM9e7d6964d9b3f3a3af1b15da0474c164',
  'FromState' => '',
  'SmsStatus' => 'received',
  'FromCity' => '',
  'Body' => '撒子嘛，',
  'FromCountry' => 'CN',
  'To' => '+18338761815',
  'ToZip' => '',
  'NumSegments' => '1',
  'MessageSid' => 'SM9e7d6964d9b3f3a3af1b15da0474c164',
  'AccountSid' => 'ACde4503f710ed1a660ef2d2bf9951d2a9',
  'From' => '+8618680704020',
  'ApiVersion' => '2010-04-01',
)
2018-04-14 20:09:46============================
array (
  'ToCountry' => 'US',
  'ToState' => 'MD',
  'SmsMessageSid' => 'SMc02afd0fc81eefe6f845d39cef4621f9',
  'NumMedia' => '0',
  'ToCity' => '',
  'FromZip' => '',
  'SmsSid' => 'SMc02afd0fc81eefe6f845d39cef4621f9',
  'FromState' => '',
  'SmsStatus' => 'received',
  'FromCity' => '',
  'Body' => '现在不方便，稍后给您电话。',
  'FromCountry' => 'CN',
  'To' => '+12408027585',
  'ToZip' => '',
  'NumSegments' => '1',
  'MessageSid' => 'SMc02afd0fc81eefe6f845d39cef4621f9',
  'AccountSid' => 'ACde4503f710ed1a660ef2d2bf9951d2a9',
  'From' => '+8613810677038',
  'ApiVersion' => '2010-04-01',
)
2018-04-19 10:40:21============================
array (
  'ToCountry' => 'US',
  'ToState' => 'PA',
  'SmsMessageSid' => 'SMcb7c16c82048981e4bb0ef00c3098f1e',
  'NumMedia' => '0',
  'ToCity' => 'DUBLIN',
  'FromZip' => '',
  'SmsSid' => 'SMcb7c16c82048981e4bb0ef00c3098f1e',
  'FromState' => '',
  'SmsStatus' => 'received',
  'FromCity' => '',
  'Body' => '很抱歉，我现在不方便接电话。',
  'FromCountry' => 'CN',
  'To' => '+12678670219',
  'ToZip' => '18917',
  'NumSegments' => '1',
  'MessageSid' => 'SMcb7c16c82048981e4bb0ef00c3098f1e',
  'AccountSid' => 'ACde4503f710ed1a660ef2d2bf9951d2a9',
  'From' => '+8615874096170',
  'ApiVersion' => '2010-04-01',
)
2018-04-24 14:48:29============================
array (
  'ToCountry' => 'CA',
  'ToState' => 'ON',
  'SmsMessageSid' => 'SMfcba6be697092fb932e5f1b18ab636e5',
  'NumMedia' => '0',
  'ToCity' => 'KANATA STITTSVILLE',
  'FromZip' => '',
  'SmsSid' => 'SMfcba6be697092fb932e5f1b18ab636e5',
  'FromState' => '',
  'SmsStatus' => 'received',
  'FromCity' => '',
  'Body' => '很抱歉，我现在不方便接电话。',
  'FromCountry' => 'CN',
  'To' => '+16138013631',
  'ToZip' => '',
  'NumSegments' => '1',
  'MessageSid' => 'SMfcba6be697092fb932e5f1b18ab636e5',
  'AccountSid' => 'ACde4503f710ed1a660ef2d2bf9951d2a9',
  'From' => '+8613542613408',
  'ApiVersion' => '2010-04-01',
)
2018-04-29 17:05:53============================
array (
  'ToCountry' => 'US',
  'ToState' => 'MN',
  'SmsMessageSid' => 'SM02328325a291cdfea923b5a9a2c598ea',
  'NumMedia' => '0',
  'ToCity' => 'ROCHESTER',
  'FromZip' => '',
  'SmsSid' => 'SM02328325a291cdfea923b5a9a2c598ea',
  'FromState' => '',
  'SmsStatus' => 'received',
  'FromCity' => '',
  'Body' => '是谁啊？',
  'FromCountry' => 'CN',
  'To' => '+15075563158',
  'ToZip' => '55904',
  'NumSegments' => '1',
  'MessageSid' => 'SM02328325a291cdfea923b5a9a2c598ea',
  'AccountSid' => 'ACde4503f710ed1a660ef2d2bf9951d2a9',
  'From' => '+8613983340575',
  'ApiVersion' => '2010-04-01',
)
2018-05-02 16:06:08============================
array (
  'ToCountry' => 'US',
  'ToState' => 'TN',
  'SmsMessageSid' => 'SM46374c68b4d60f559a3cf9ebe522d130',
  'NumMedia' => '0',
  'ToCity' => 'LEBANON',
  'FromZip' => '',
  'SmsSid' => 'SM46374c68b4d60f559a3cf9ebe522d130',
  'FromState' => '',
  'SmsStatus' => 'received',
  'FromCity' => '',
  'Body' => '我正在开会，晚点儿给你回电话。',
  'FromCountry' => 'CN',
  'To' => '+16152356177',
  'ToZip' => '37090',
  'NumSegments' => '1',
  'MessageSid' => 'SM46374c68b4d60f559a3cf9ebe522d130',
  'AccountSid' => 'ACde4503f710ed1a660ef2d2bf9951d2a9',
  'From' => '+8615974267145',
  'ApiVersion' => '2010-04-01',
)
2018-05-05 15:25:48============================
array (
  'ToCountry' => 'US',
  'ToState' => 'IL',
  'SmsMessageSid' => 'SM7839a02921247f501399d080ecc6c777',
  'NumMedia' => '0',
  'ToCity' => 'Chicago',
  'FromZip' => '',
  'SmsSid' => 'SM7839a02921247f501399d080ecc6c777',
  'FromState' => '',
  'SmsStatus' => 'received',
  'FromCity' => '',
  'Body' => '很抱歉，现在不方便接听。',
  'FromCountry' => 'CN',
  'To' => '+13317012623',
  'ToZip' => '',
  'NumSegments' => '1',
  'MessageSid' => 'SM7839a02921247f501399d080ecc6c777',
  'AccountSid' => 'ACde4503f710ed1a660ef2d2bf9951d2a9',
  'From' => '+8615155649965',
  'ApiVersion' => '2010-04-01',
)
2018-05-05 19:38:38============================
array (
  'ToCountry' => 'US',
  'ToState' => 'CA',
  'SmsMessageSid' => 'SM350783d522cafe03843bb17ea63ef443',
  'NumMedia' => '0',
  'ToCity' => 'TEMECULA',
  'FromZip' => '',
  'SmsSid' => 'SM350783d522cafe03843bb17ea63ef443',
  'FromState' => '',
  'SmsStatus' => 'received',
  'FromCity' => '',
  'Body' => '？？？？？',
  'FromCountry' => 'CN',
  'To' => '+19519728258',
  'ToZip' => '92592',
  'NumSegments' => '1',
  'MessageSid' => 'SM350783d522cafe03843bb17ea63ef443',
  'AccountSid' => 'ACde4503f710ed1a660ef2d2bf9951d2a9',
  'From' => '+8613972137814',
  'ApiVersion' => '2010-04-01',
)
2018-05-05 19:54:18============================
array (
  'ToCountry' => 'US',
  'ToState' => 'CA',
  'SmsMessageSid' => 'SM2b6516e4787d61b84d56b3cedc664723',
  'NumMedia' => '0',
  'ToCity' => 'TEMECULA',
  'FromZip' => '',
  'SmsSid' => 'SM2b6516e4787d61b84d56b3cedc664723',
  'FromState' => '',
  'SmsStatus' => 'received',
  'FromCity' => '',
  'Body' => '请稍等，我马上就到。',
  'FromCountry' => 'CN',
  'To' => '+19519728258',
  'ToZip' => '92592',
  'NumSegments' => '1',
  'MessageSid' => 'SM2b6516e4787d61b84d56b3cedc664723',
  'AccountSid' => 'ACde4503f710ed1a660ef2d2bf9951d2a9',
  'From' => '+8613906795048',
  'ApiVersion' => '2010-04-01',
)
2018-05-06 15:21:22============================
array (
  'ToCountry' => 'US',
  'ToState' => 'AL',
  'SmsMessageSid' => 'SM7bd0f42df406d2042aabd540f97286fa',
  'NumMedia' => '0',
  'ToCity' => 'ATTALLA',
  'FromZip' => '',
  'SmsSid' => 'SM7bd0f42df406d2042aabd540f97286fa',
  'FromState' => '',
  'SmsStatus' => 'received',
  'FromCity' => '',
  'Body' => '很抱歉，我现在不方便接电话。',
  'FromCountry' => 'CN',
  'To' => '+12563056768',
  'ToZip' => '35901',
  'NumSegments' => '1',
  'MessageSid' => 'SM7bd0f42df406d2042aabd540f97286fa',
  'AccountSid' => 'ACde4503f710ed1a660ef2d2bf9951d2a9',
  'From' => '+8613818519999',
  'ApiVersion' => '2010-04-01',
)
2018-05-08 15:31:04============================
array (
  'ToCountry' => 'US',
  'ToState' => 'OK',
  'SmsMessageSid' => 'SMe3a57ad428a43fbe9a95033f46c7d8d9',
  'NumMedia' => '0',
  'ToCity' => 'MCALESTER',
  'FromZip' => '',
  'SmsSid' => 'SMe3a57ad428a43fbe9a95033f46c7d8d9',
  'FromState' => '',
  'SmsStatus' => 'received',
  'FromCity' => '',
  'Body' => '我正在开车，稍后联系你。',
  'FromCountry' => 'CN',
  'To' => '+19183022778',
  'ToZip' => '74554',
  'NumSegments' => '1',
  'MessageSid' => 'SMe3a57ad428a43fbe9a95033f46c7d8d9',
  'AccountSid' => 'ACde4503f710ed1a660ef2d2bf9951d2a9',
  'From' => '+8613929560902',
  'ApiVersion' => '2010-04-01',
)
2018-05-08 19:02:14============================
array (
  'ToCountry' => 'CA',
  'ToState' => 'New Brunswick',
  'SmsMessageSid' => 'SMa2da4b5448ef337d1eb0327ada114643',
  'NumMedia' => '0',
  'ToCity' => '',
  'FromZip' => '',
  'SmsSid' => 'SMa2da4b5448ef337d1eb0327ada114643',
  'FromState' => '',
  'SmsStatus' => 'received',
  'FromCity' => '',
  'Body' => '我正在开会，晚点儿给你回电话。',
  'FromCountry' => 'CN',
  'To' => '+15065019320',
  'ToZip' => '',
  'NumSegments' => '1',
  'MessageSid' => 'SMa2da4b5448ef337d1eb0327ada114643',
  'AccountSid' => 'ACde4503f710ed1a660ef2d2bf9951d2a9',
  'From' => '+8614769250925',
  'ApiVersion' => '2010-04-01',
)
2018-05-12 11:51:46============================
array (
  'ToCountry' => 'US',
  'ToState' => 'NJ',
  'SmsMessageSid' => 'SM4f4f64f5d7ff427567bbfc0eebdd5e8b',
  'NumMedia' => '0',
  'ToCity' => 'RAMSEY',
  'FromZip' => '',
  'SmsSid' => 'SM4f4f64f5d7ff427567bbfc0eebdd5e8b',
  'FromState' => '',
  'SmsStatus' => 'received',
  'FromCity' => '',
  'Body' => '我正在接听其他电话，稍后给您回电。',
  'FromCountry' => 'CN',
  'To' => '+12016693535',
  'ToZip' => '07446',
  'NumSegments' => '1',
  'MessageSid' => 'SM4f4f64f5d7ff427567bbfc0eebdd5e8b',
  'AccountSid' => 'ACde4503f710ed1a660ef2d2bf9951d2a9',
  'From' => '+8615679720767',
  'ApiVersion' => '2010-04-01',
)
2018-05-12 11:53:30============================
array (
  'ToCountry' => 'US',
  'ToState' => 'NJ',
  'SmsMessageSid' => 'SMa1a20aac1de2536f3c7e531051320e2a',
  'NumMedia' => '0',
  'ToCity' => 'RAMSEY',
  'FromZip' => '',
  'SmsSid' => 'SMa1a20aac1de2536f3c7e531051320e2a',
  'FromState' => '',
  'SmsStatus' => 'received',
  'FromCity' => '',
  'Body' => '我正在接听其他电话，稍后给您回电。',
  'FromCountry' => 'CN',
  'To' => '+12016693535',
  'ToZip' => '07446',
  'NumSegments' => '1',
  'MessageSid' => 'SMa1a20aac1de2536f3c7e531051320e2a',
  'AccountSid' => 'ACde4503f710ed1a660ef2d2bf9951d2a9',
  'From' => '+8615679720767',
  'ApiVersion' => '2010-04-01',
)
2018-05-13 13:06:02============================
array (
  'ToCountry' => 'US',
  'ToState' => 'AL',
  'SmsMessageSid' => 'SMea977afd6aaa293cb3c312404dc0293b',
  'NumMedia' => '0',
  'ToCity' => '',
  'FromZip' => '',
  'SmsSid' => 'SMea977afd6aaa293cb3c312404dc0293b',
  'FromState' => '',
  'SmsStatus' => 'received',
  'FromCity' => '',
  'Body' => '现在正忙，请稍后来电。',
  'FromCountry' => 'CN',
  'To' => '+12569077228',
  'ToZip' => '',
  'NumSegments' => '1',
  'MessageSid' => 'SMea977afd6aaa293cb3c312404dc0293b',
  'AccountSid' => 'ACde4503f710ed1a660ef2d2bf9951d2a9',
  'From' => '+8613927533877',
  'ApiVersion' => '2010-04-01',
)
2018-05-13 17:20:12============================
array (
  'ToCountry' => 'US',
  'ToState' => 'IL',
  'SmsMessageSid' => 'SM91ea87c27c1abe5d0d8f985a742f825b',
  'NumMedia' => '0',
  'ToCity' => '',
  'FromZip' => '',
  'SmsSid' => 'SM91ea87c27c1abe5d0d8f985a742f825b',
  'FromState' => '',
  'SmsStatus' => 'received',
  'FromCity' => '',
  'Body' => '很抱歉，我现在不方便接电话。',
  'FromCountry' => 'CN',
  'To' => '+13092710819',
  'ToZip' => '',
  'NumSegments' => '1',
  'MessageSid' => 'SM91ea87c27c1abe5d0d8f985a742f825b',
  'AccountSid' => 'ACde4503f710ed1a660ef2d2bf9951d2a9',
  'From' => '+8615882986356',
  'ApiVersion' => '2010-04-01',
)
2018-05-13 17:49:12============================
array (
  'ToCountry' => 'US',
  'ToState' => 'IL',
  'SmsMessageSid' => 'SMbdcc5d8e67fc9dae03975b731904a3a4',
  'NumMedia' => '0',
  'ToCity' => '',
  'FromZip' => '',
  'SmsSid' => 'SMbdcc5d8e67fc9dae03975b731904a3a4',
  'FromState' => '',
  'SmsStatus' => 'received',
  'FromCity' => '',
  'Body' => '我有点事，晚点儿给你回电话。',
  'FromCountry' => 'CN',
  'To' => '+13092710819',
  'ToZip' => '',
  'NumSegments' => '1',
  'MessageSid' => 'SMbdcc5d8e67fc9dae03975b731904a3a4',
  'AccountSid' => 'ACde4503f710ed1a660ef2d2bf9951d2a9',
  'From' => '+8615023541733',
  'ApiVersion' => '2010-04-01',
)
2018-05-14 13:41:22============================
array (
  'ToCountry' => 'US',
  'ToState' => 'CO',
  'SmsMessageSid' => 'SM00867213fd4508d769e2cb4fedfd9d54',
  'NumMedia' => '0',
  'ToCity' => '',
  'FromZip' => '',
  'SmsSid' => 'SM00867213fd4508d769e2cb4fedfd9d54',
  'FromState' => '',
  'SmsStatus' => 'received',
  'FromCity' => '',
  'Body' => '很抱歉，我现在不方便接电话。',
  'FromCountry' => 'CN',
  'To' => '+17206198819',
  'ToZip' => '',
  'NumSegments' => '1',
  'MessageSid' => 'SM00867213fd4508d769e2cb4fedfd9d54',
  'AccountSid' => 'ACde4503f710ed1a660ef2d2bf9951d2a9',
  'From' => '+8613907694352',
  'ApiVersion' => '2010-04-01',
)
2018-05-14 19:52:02============================
array (
  'ToCountry' => 'US',
  'ToState' => 'TX',
  'SmsMessageSid' => 'SM485e3b4c785dae60998529c5895ffddd',
  'NumMedia' => '0',
  'ToCity' => '',
  'FromZip' => '',
  'SmsSid' => 'SM485e3b4c785dae60998529c5895ffddd',
  'FromState' => '',
  'SmsStatus' => 'received',
  'FromCity' => '',
  'Body' => '稍后给您电话，好吗？',
  'FromCountry' => 'CN',
  'To' => '+18329068662',
  'ToZip' => '',
  'NumSegments' => '1',
  'MessageSid' => 'SM485e3b4c785dae60998529c5895ffddd',
  'AccountSid' => 'ACde4503f710ed1a660ef2d2bf9951d2a9',
  'From' => '+8613971453188',
  'ApiVersion' => '2010-04-01',
)
2018-05-19 17:43:03============================
array (
  'ToCountry' => 'US',
  'ToState' => 'HI',
  'SmsMessageSid' => 'SMa7f24fd1e70ee527b86b891a544aec65',
  'NumMedia' => '0',
  'ToCity' => '',
  'FromZip' => '',
  'SmsSid' => 'SMa7f24fd1e70ee527b86b891a544aec65',
  'FromState' => '',
  'SmsStatus' => 'received',
  'FromCity' => '',
  'Body' => '很抱歉，我现在不方便接电话。',
  'FromCountry' => 'CN',
  'To' => '+18085186766',
  'ToZip' => '',
  'NumSegments' => '1',
  'MessageSid' => 'SMa7f24fd1e70ee527b86b891a544aec65',
  'AccountSid' => 'ACde4503f710ed1a660ef2d2bf9951d2a9',
  'From' => '+8618585081077',
  'ApiVersion' => '2010-04-01',
)
2018-05-19 19:15:20============================
array (
  'ToCountry' => 'US',
  'ToState' => 'TX',
  'SmsMessageSid' => 'SMa48c62960150c492bb315a64ff807975',
  'NumMedia' => '0',
  'ToCity' => '',
  'FromZip' => '',
  'SmsSid' => 'SMa48c62960150c492bb315a64ff807975',
  'FromState' => '',
  'SmsStatus' => 'received',
  'FromCity' => '',
  'Body' => '你谁啊？',
  'FromCountry' => 'CN',
  'To' => '+18329068662',
  'ToZip' => '',
  'NumSegments' => '1',
  'MessageSid' => 'SMa48c62960150c492bb315a64ff807975',
  'AccountSid' => 'ACde4503f710ed1a660ef2d2bf9951d2a9',
  'From' => '+8618279542688',
  'ApiVersion' => '2010-04-01',
)
2018-05-20 09:36:25============================
array (
  'ToCountry' => 'US',
  'ToState' => 'HI',
  'SmsMessageSid' => 'SMc79ad601b468eb014dfe66b7a709544b',
  'NumMedia' => '0',
  'ToCity' => '',
  'FromZip' => '',
  'SmsSid' => 'SMc79ad601b468eb014dfe66b7a709544b',
  'FromState' => '',
  'SmsStatus' => 'received',
  'FromCity' => '',
  'Body' => '美女加我微信',
  'FromCountry' => 'CN',
  'To' => '+18085186766',
  'ToZip' => '',
  'NumSegments' => '1',
  'MessageSid' => 'SMc79ad601b468eb014dfe66b7a709544b',
  'AccountSid' => 'ACde4503f710ed1a660ef2d2bf9951d2a9',
  'From' => '+8618423641215',
  'ApiVersion' => '2010-04-01',
)
2018-05-20 09:36:57============================
array (
  'ToCountry' => 'US',
  'ToState' => 'HI',
  'SmsMessageSid' => 'SM55e8459e5900a69cc391adc9be26b994',
  'NumMedia' => '0',
  'ToCity' => '',
  'FromZip' => '',
  'SmsSid' => 'SM55e8459e5900a69cc391adc9be26b994',
  'FromState' => '',
  'SmsStatus' => 'received',
  'FromCity' => '',
  'Body' => 'xiaoyanzijj55',
  'FromCountry' => 'CN',
  'To' => '+18085186766',
  'ToZip' => '',
  'NumSegments' => '1',
  'MessageSid' => 'SM55e8459e5900a69cc391adc9be26b994',
  'AccountSid' => 'ACde4503f710ed1a660ef2d2bf9951d2a9',
  'From' => '+8618423641215',
  'ApiVersion' => '2010-04-01',
)
2018-05-20 18:17:39============================
array (
  'ToCountry' => 'US',
  'ToState' => 'HI',
  'SmsMessageSid' => 'SM94f0861c3b4772b1aa82e5962e2ba523',
  'NumMedia' => '0',
  'ToCity' => '',
  'FromZip' => '',
  'SmsSid' => 'SM94f0861c3b4772b1aa82e5962e2ba523',
  'FromState' => '',
  'SmsStatus' => 'received',
  'FromCity' => '',
  'Body' => '现在不方便，稍后给您电话。',
  'FromCountry' => 'CN',
  'To' => '+18085186766',
  'ToZip' => '',
  'NumSegments' => '1',
  'MessageSid' => 'SM94f0861c3b4772b1aa82e5962e2ba523',
  'AccountSid' => 'ACde4503f710ed1a660ef2d2bf9951d2a9',
  'From' => '+8615822163717',
  'ApiVersion' => '2010-04-01',
)
2018-05-23 13:39:02============================
array (
  'ToCountry' => 'US',
  'ToState' => 'HI',
  'SmsMessageSid' => 'SM965b70e9f7089a9f52f093db75608b66',
  'NumMedia' => '0',
  'ToCity' => '',
  'FromZip' => '',
  'SmsSid' => 'SM965b70e9f7089a9f52f093db75608b66',
  'FromState' => '',
  'SmsStatus' => 'received',
  'FromCity' => '',
  'Body' => '我正在驾车。',
  'FromCountry' => 'CN',
  'To' => '+18085186766',
  'ToZip' => '',
  'NumSegments' => '1',
  'MessageSid' => 'SM965b70e9f7089a9f52f093db75608b66',
  'AccountSid' => 'ACde4503f710ed1a660ef2d2bf9951d2a9',
  'From' => '+8613994059333',
  'ApiVersion' => '2010-04-01',
)
2018-05-23 19:21:30============================
array (
  'ToCountry' => 'US',
  'ToState' => 'HI',
  'SmsMessageSid' => 'SM5941d8dabc40cde556abccb155cc8b30',
  'NumMedia' => '0',
  'ToCity' => '',
  'FromZip' => '',
  'SmsSid' => 'SM5941d8dabc40cde556abccb155cc8b30',
  'FromState' => '',
  'SmsStatus' => 'received',
  'FromCity' => '',
  'Body' => '很抱歉，我现在不方便接电话。',
  'FromCountry' => 'CN',
  'To' => '+18085186766',
  'ToZip' => '',
  'NumSegments' => '1',
  'MessageSid' => 'SM5941d8dabc40cde556abccb155cc8b30',
  'AccountSid' => 'ACde4503f710ed1a660ef2d2bf9951d2a9',
  'From' => '+8613671581677',
  'ApiVersion' => '2010-04-01',
)
2018-05-23 19:34:15============================
array (
  'ToCountry' => 'US',
  'ToState' => 'HI',
  'SmsMessageSid' => 'SMb0b1ebe2c0c096657252ddcb80c64cc7',
  'NumMedia' => '0',
  'ToCity' => '',
  'FromZip' => '',
  'SmsSid' => 'SMb0b1ebe2c0c096657252ddcb80c64cc7',
  'FromState' => '',
  'SmsStatus' => 'received',
  'FromCity' => '',
  'Body' => 'who',
  'FromCountry' => 'CN',
  'To' => '+18085186766',
  'ToZip' => '',
  'NumSegments' => '1',
  'MessageSid' => 'SMb0b1ebe2c0c096657252ddcb80c64cc7',
  'AccountSid' => 'ACde4503f710ed1a660ef2d2bf9951d2a9',
  'From' => '+8618862482917',
  'ApiVersion' => '2010-04-01',
)
2018-05-23 19:34:58============================
array (
  'ToCountry' => 'US',
  'ToState' => 'HI',
  'SmsMessageSid' => 'SM4eed428c4397e603a9f63c2d041f1b96',
  'NumMedia' => '0',
  'ToCity' => '',
  'FromZip' => '',
  'SmsSid' => 'SM4eed428c4397e603a9f63c2d041f1b96',
  'FromState' => '',
  'SmsStatus' => 'received',
  'FromCity' => '',
  'Body' => '你是',
  'FromCountry' => 'CN',
  'To' => '+18085186766',
  'ToZip' => '',
  'NumSegments' => '1',
  'MessageSid' => 'SM4eed428c4397e603a9f63c2d041f1b96',
  'AccountSid' => 'ACde4503f710ed1a660ef2d2bf9951d2a9',
  'From' => '+8618398841237',
  'ApiVersion' => '2010-04-01',
)
2018-05-25 18:17:05============================
array (
  'ToCountry' => 'US',
  'ToState' => 'HI',
  'SmsMessageSid' => 'SM11a1f1ecfb5f5b6a2806eece7e43f627',
  'NumMedia' => '0',
  'ToCity' => '',
  'FromZip' => '',
  'SmsSid' => 'SM11a1f1ecfb5f5b6a2806eece7e43f627',
  'FromState' => '',
  'SmsStatus' => 'received',
  'FromCity' => '',
  'Body' => '你是',
  'FromCountry' => 'CN',
  'To' => '+18085186766',
  'ToZip' => '',
  'NumSegments' => '1',
  'MessageSid' => 'SM11a1f1ecfb5f5b6a2806eece7e43f627',
  'AccountSid' => 'ACde4503f710ed1a660ef2d2bf9951d2a9',
  'From' => '+8615927354309',
  'ApiVersion' => '2010-04-01',
)
2018-05-28 12:46:59============================
array (
  'ToCountry' => 'US',
  'ToState' => 'HI',
  'SmsMessageSid' => 'SM6a0de10f8779923cf5038d9ac07e9d5c',
  'NumMedia' => '0',
  'ToCity' => '',
  'FromZip' => '',
  'SmsSid' => 'SM6a0de10f8779923cf5038d9ac07e9d5c',
  'FromState' => '',
  'SmsStatus' => 'received',
  'FromCity' => '',
  'Body' => '马上到。',
  'FromCountry' => 'CN',
  'To' => '+18085186766',
  'ToZip' => '',
  'NumSegments' => '1',
  'MessageSid' => 'SM6a0de10f8779923cf5038d9ac07e9d5c',
  'AccountSid' => 'ACde4503f710ed1a660ef2d2bf9951d2a9',
  'From' => '+8613671581677',
  'ApiVersion' => '2010-04-01',
)
2018-05-28 13:41:37============================
array (
  'ToCountry' => 'US',
  'ToState' => 'HI',
  'SmsMessageSid' => 'SMe0b11639c0d20954a7082e27cb039663',
  'NumMedia' => '0',
  'ToCity' => '',
  'FromZip' => '',
  'SmsSid' => 'SMe0b11639c0d20954a7082e27cb039663',
  'FromState' => '',
  'SmsStatus' => 'received',
  'FromCity' => '',
  'Body' => '尊姓大名？',
  'FromCountry' => 'CN',
  'To' => '+18085186766',
  'ToZip' => '',
  'NumSegments' => '1',
  'MessageSid' => 'SMe0b11639c0d20954a7082e27cb039663',
  'AccountSid' => 'ACde4503f710ed1a660ef2d2bf9951d2a9',
  'From' => '+8613557014967',
  'ApiVersion' => '2010-04-01',
)
2018-06-05 14:25:33============================
array (
  'ToCountry' => 'US',
  'ToState' => 'TX',
  'SmsMessageSid' => 'SMc0b3f4b2150b1432c98f443f4b59bf61',
  'NumMedia' => '0',
  'ToCity' => '',
  'FromZip' => '',
  'SmsSid' => 'SMc0b3f4b2150b1432c98f443f4b59bf61',
  'FromState' => '',
  'SmsStatus' => 'received',
  'FromCity' => '',
  'Body' => '他电话15756585482',
  'FromCountry' => 'CN',
  'To' => '+18329068662',
  'ToZip' => '',
  'NumSegments' => '1',
  'MessageSid' => 'SMc0b3f4b2150b1432c98f443f4b59bf61',
  'AccountSid' => 'ACde4503f710ed1a660ef2d2bf9951d2a9',
  'From' => '+8615756585482',
  'ApiVersion' => '2010-04-01',
)
2018-06-05 14:26:08============================
array (
  'ToCountry' => 'US',
  'ToState' => 'TX',
  'SmsMessageSid' => 'SM765140f4c472a099eae43ee150b9a702',
  'NumMedia' => '0',
  'ToCity' => '',
  'FromZip' => '',
  'SmsSid' => 'SM765140f4c472a099eae43ee150b9a702',
  'FromState' => '',
  'SmsStatus' => 'received',
  'FromCity' => '',
  'Body' => '他电话18756585486',
  'FromCountry' => 'CN',
  'To' => '+18329068662',
  'ToZip' => '',
  'NumSegments' => '1',
  'MessageSid' => 'SM765140f4c472a099eae43ee150b9a702',
  'AccountSid' => 'ACde4503f710ed1a660ef2d2bf9951d2a9',
  'From' => '+8615756585482',
  'ApiVersion' => '2010-04-01',
)
2018-06-08 12:52:03============================
array (
  'ToCountry' => 'US',
  'ToState' => 'HI',
  'SmsMessageSid' => 'SMa8fdac5e247acd0ef04992328ef52c67',
  'NumMedia' => '0',
  'ToCity' => '',
  'FromZip' => '',
  'SmsSid' => 'SMa8fdac5e247acd0ef04992328ef52c67',
  'FromState' => '',
  'SmsStatus' => 'received',
  'FromCity' => '',
  'Body' => '现在正忙，请稍后来电。',
  'FromCountry' => 'CN',
  'To' => '+18085186766',
  'ToZip' => '',
  'NumSegments' => '1',
  'MessageSid' => 'SMa8fdac5e247acd0ef04992328ef52c67',
  'AccountSid' => 'ACde4503f710ed1a660ef2d2bf9951d2a9',
  'From' => '+8615563400567',
  'ApiVersion' => '2010-04-01',
)
2018-06-10 19:30:09============================
array (
  'ToCountry' => 'US',
  'ToState' => 'HI',
  'SmsMessageSid' => 'SM3b75bec6f6db26ea01bdd95502239c43',
  'NumMedia' => '0',
  'ToCity' => '',
  'FromZip' => '',
  'SmsSid' => 'SM3b75bec6f6db26ea01bdd95502239c43',
  'FromState' => '',
  'SmsStatus' => 'received',
  'FromCity' => '',
  'Body' => '现在不方便，稍后给您电话。',
  'FromCountry' => 'CN',
  'To' => '+18085186766',
  'ToZip' => '',
  'NumSegments' => '1',
  'MessageSid' => 'SM3b75bec6f6db26ea01bdd95502239c43',
  'AccountSid' => 'ACde4503f710ed1a660ef2d2bf9951d2a9',
  'From' => '+8613858113333',
  'ApiVersion' => '2010-04-01',
)
2018-06-11 16:04:35============================
array (
  'ToCountry' => 'US',
  'ToState' => 'HI',
  'SmsMessageSid' => 'SM064514e0fa5d44347552bca198b6b780',
  'NumMedia' => '0',
  'ToCity' => '',
  'FromZip' => '',
  'SmsSid' => 'SM064514e0fa5d44347552bca198b6b780',
  'FromState' => '',
  'SmsStatus' => 'received',
  'FromCity' => '',
  'Body' => '很抱歉，我暂时无法接听电话。稍后给您回电。',
  'FromCountry' => 'CN',
  'To' => '+18085186766',
  'ToZip' => '',
  'NumSegments' => '1',
  'MessageSid' => 'SM064514e0fa5d44347552bca198b6b780',
  'AccountSid' => 'ACde4503f710ed1a660ef2d2bf9951d2a9',
  'From' => '+8613647698777',
  'ApiVersion' => '2010-04-01',
)
2018-06-15 19:37:58============================
array (
  'ToCountry' => 'US',
  'ToState' => 'HI',
  'SmsMessageSid' => 'SMb8028ce529506b111af3d59ef69777c9',
  'NumMedia' => '0',
  'ToCity' => '',
  'FromZip' => '',
  'SmsSid' => 'SMb8028ce529506b111af3d59ef69777c9',
  'FromState' => '',
  'SmsStatus' => 'received',
  'FromCity' => '',
  'Body' => '你是谁?who are you',
  'FromCountry' => 'CN',
  'To' => '+18085186766',
  'ToZip' => '',
  'NumSegments' => '1',
  'MessageSid' => 'SMb8028ce529506b111af3d59ef69777c9',
  'AccountSid' => 'ACde4503f710ed1a660ef2d2bf9951d2a9',
  'From' => '+8613929730066',
  'ApiVersion' => '2010-04-01',
)
2018-06-16 18:44:21============================
array (
  'ToCountry' => 'US',
  'ToState' => 'TX',
  'SmsMessageSid' => 'SMe5fe236e58ebeb28d3bc787a966e78dd',
  'NumMedia' => '0',
  'ToCity' => '',
  'FromZip' => '',
  'SmsSid' => 'SMe5fe236e58ebeb28d3bc787a966e78dd',
  'FromState' => '',
  'SmsStatus' => 'received',
  'FromCity' => '',
  'Body' => '你是谁？怎么是美国号码。',
  'FromCountry' => 'CN',
  'To' => '+18329068662',
  'ToZip' => '',
  'NumSegments' => '1',
  'MessageSid' => 'SMe5fe236e58ebeb28d3bc787a966e78dd',
  'AccountSid' => 'ACde4503f710ed1a660ef2d2bf9951d2a9',
  'From' => '+8615033679749',
  'ApiVersion' => '2010-04-01',
)
2018-06-17 16:08:24============================
array (
  'ToCountry' => 'US',
  'ToState' => 'TX',
  'SmsMessageSid' => 'SM2607875cc6b1e6de65133f220e7ddf07',
  'NumMedia' => '0',
  'ToCity' => '',
  'FromZip' => '',
  'SmsSid' => 'SM2607875cc6b1e6de65133f220e7ddf07',
  'FromState' => '',
  'SmsStatus' => 'received',
  'FromCity' => '',
  'Body' => '你是？',
  'FromCountry' => 'CN',
  'To' => '+18329068662',
  'ToZip' => '',
  'NumSegments' => '1',
  'MessageSid' => 'SM2607875cc6b1e6de65133f220e7ddf07',
  'AccountSid' => 'ACde4503f710ed1a660ef2d2bf9951d2a9',
  'From' => '+8618395998107',
  'ApiVersion' => '2010-04-01',
)
2018-06-19 11:17:41============================
array (
  'ToCountry' => 'US',
  'ToState' => 'HI',
  'SmsMessageSid' => 'SM1a622cb8ed9eec57fbbc591796de7ba0',
  'NumMedia' => '0',
  'ToCity' => '',
  'FromZip' => '',
  'SmsSid' => 'SM1a622cb8ed9eec57fbbc591796de7ba0',
  'FromState' => '',
  'SmsStatus' => 'received',
  'FromCity' => '',
  'Body' => '很抱歉，我现在不方便接电话。',
  'FromCountry' => 'CN',
  'To' => '+18085186766',
  'ToZip' => '',
  'NumSegments' => '1',
  'MessageSid' => 'SM1a622cb8ed9eec57fbbc591796de7ba0',
  'AccountSid' => 'ACde4503f710ed1a660ef2d2bf9951d2a9',
  'From' => '+8613420774993',
  'ApiVersion' => '2010-04-01',
)
2018-06-20 16:45:36============================
array (
  'ToCountry' => 'US',
  'ToState' => 'HI',
  'SmsMessageSid' => 'SM8bf6e793ee6a870727654141ee634ea7',
  'NumMedia' => '0',
  'ToCity' => '',
  'FromZip' => '',
  'SmsSid' => 'SM8bf6e793ee6a870727654141ee634ea7',
  'FromState' => '',
  'SmsStatus' => 'received',
  'FromCity' => '',
  'Body' => '我正在开车，稍后联系你。',
  'FromCountry' => 'CN',
  'To' => '+18085186766',
  'ToZip' => '',
  'NumSegments' => '1',
  'MessageSid' => 'SM8bf6e793ee6a870727654141ee634ea7',
  'AccountSid' => 'ACde4503f710ed1a660ef2d2bf9951d2a9',
  'From' => '+8613152753045',
  'ApiVersion' => '2010-04-01',
)
2018-06-21 17:20:42============================
array (
  'ToCountry' => 'US',
  'ToState' => 'HI',
  'SmsMessageSid' => 'SM218f673e073dff56a7a86c3fefbce535',
  'NumMedia' => '0',
  'ToCity' => '',
  'FromZip' => '',
  'SmsSid' => 'SM218f673e073dff56a7a86c3fefbce535',
  'FromState' => '',
  'SmsStatus' => 'received',
  'FromCity' => '',
  'Body' => 'sb',
  'FromCountry' => 'CN',
  'To' => '+18085186766',
  'ToZip' => '',
  'NumSegments' => '1',
  'MessageSid' => 'SM218f673e073dff56a7a86c3fefbce535',
  'AccountSid' => 'ACde4503f710ed1a660ef2d2bf9951d2a9',
  'From' => '+8618164521020',
  'ApiVersion' => '2010-04-01',
)
2018-06-23 17:01:45============================
array (
  'ToCountry' => 'US',
  'ToState' => 'HI',
  'SmsMessageSid' => 'SM416008c26651288ed97bff84fae860d7',
  'NumMedia' => '0',
  'ToCity' => '',
  'FromZip' => '',
  'SmsSid' => 'SM416008c26651288ed97bff84fae860d7',
  'FromState' => '',
  'SmsStatus' => 'received',
  'FromCity' => '',
  'Body' => '你是？',
  'FromCountry' => 'CN',
  'To' => '+18085186766',
  'ToZip' => '',
  'NumSegments' => '1',
  'MessageSid' => 'SM416008c26651288ed97bff84fae860d7',
  'AccountSid' => 'ACde4503f710ed1a660ef2d2bf9951d2a9',
  'From' => '+8618657866076',
  'ApiVersion' => '2010-04-01',
)
2018-06-27 10:46:00============================
array (
  'ToCountry' => 'US',
  'ToState' => 'HI',
  'SmsMessageSid' => 'SMc1fbdf24aa9bf06c6cd90ba67b0990cd',
  'NumMedia' => '0',
  'ToCity' => '',
  'FromZip' => '',
  'SmsSid' => 'SMc1fbdf24aa9bf06c6cd90ba67b0990cd',
  'FromState' => '',
  'SmsStatus' => 'received',
  'FromCity' => '',
  'Body' => '稍后给您电话，好吗？',
  'FromCountry' => 'CN',
  'To' => '+18085186766',
  'ToZip' => '',
  'NumSegments' => '1',
  'MessageSid' => 'SMc1fbdf24aa9bf06c6cd90ba67b0990cd',
  'AccountSid' => 'ACde4503f710ed1a660ef2d2bf9951d2a9',
  'From' => '+8613162052555',
  'ApiVersion' => '2010-04-01',
)
2018-06-27 16:35:12============================
array (
  'ToCountry' => 'US',
  'ToState' => 'TX',
  'SmsMessageSid' => 'SMd403dc8caecd91c57224fe93bcd984a7',
  'NumMedia' => '0',
  'ToCity' => '',
  'FromZip' => '',
  'SmsSid' => 'SMd403dc8caecd91c57224fe93bcd984a7',
  'FromState' => '',
  'SmsStatus' => 'received',
  'FromCity' => '',
  'Body' => '很抱歉，我现在不方便接电话。',
  'FromCountry' => 'CN',
  'To' => '+18329068662',
  'ToZip' => '',
  'NumSegments' => '1',
  'MessageSid' => 'SMd403dc8caecd91c57224fe93bcd984a7',
  'AccountSid' => 'ACde4503f710ed1a660ef2d2bf9951d2a9',
  'From' => '+8613707130913',
  'ApiVersion' => '2010-04-01',
)
2018-06-29 20:27:02============================
array (
  'ToCountry' => 'US',
  'ToState' => 'HI',
  'SmsMessageSid' => 'SMc22dee8762662bba84b5597c2da9c9bc',
  'NumMedia' => '0',
  'ToCity' => '',
  'FromZip' => '',
  'SmsSid' => 'SMc22dee8762662bba84b5597c2da9c9bc',
  'FromState' => '',
  'SmsStatus' => 'received',
  'FromCity' => '',
  'Body' => '很抱歉，我现在不方便接电话。',
  'FromCountry' => 'CN',
  'To' => '+18085186766',
  'ToZip' => '',
  'NumSegments' => '1',
  'MessageSid' => 'SMc22dee8762662bba84b5597c2da9c9bc',
  'AccountSid' => 'ACde4503f710ed1a660ef2d2bf9951d2a9',
  'From' => '+8613818519999',
  'ApiVersion' => '2010-04-01',
)
2018-06-30 20:34:47============================
array (
  'ToCountry' => 'US',
  'ToState' => 'HI',
  'SmsMessageSid' => 'SM59c6ed97cecd55aae2f8b8c0c6968392',
  'NumMedia' => '0',
  'ToCity' => '',
  'FromZip' => '',
  'SmsSid' => 'SM59c6ed97cecd55aae2f8b8c0c6968392',
  'FromState' => '',
  'SmsStatus' => 'received',
  'FromCity' => '',
  'Body' => '很抱歉，我现在不方便接电话。',
  'FromCountry' => 'CN',
  'To' => '+18085186766',
  'ToZip' => '',
  'NumSegments' => '1',
  'MessageSid' => 'SM59c6ed97cecd55aae2f8b8c0c6968392',
  'AccountSid' => 'ACde4503f710ed1a660ef2d2bf9951d2a9',
  'From' => '+8617763795838',
  'ApiVersion' => '2010-04-01',
)
2018-07-02 16:50:27============================
array (
  'ToCountry' => 'US',
  'ToState' => 'HI',
  'SmsMessageSid' => 'SMc4e99f836dfac8ca6609a0b34deb2bff',
  'NumMedia' => '0',
  'ToCity' => '',
  'FromZip' => '',
  'SmsSid' => 'SMc4e99f836dfac8ca6609a0b34deb2bff',
  'FromState' => '',
  'SmsStatus' => 'received',
  'FromCity' => '',
  'Body' => '哪个',
  'FromCountry' => 'CN',
  'To' => '+18085186766',
  'ToZip' => '',
  'NumSegments' => '1',
  'MessageSid' => 'SMc4e99f836dfac8ca6609a0b34deb2bff',
  'AccountSid' => 'ACde4503f710ed1a660ef2d2bf9951d2a9',
  'From' => '+8618282951094',
  'ApiVersion' => '2010-04-01',
)
2018-07-02 16:50:30============================
array (
  'ToCountry' => 'US',
  'ToState' => 'HI',
  'SmsMessageSid' => 'SM464099ecda65aae1fba5f7df5ec658a2',
  'NumMedia' => '0',
  'ToCity' => '',
  'FromZip' => '',
  'SmsSid' => 'SM464099ecda65aae1fba5f7df5ec658a2',
  'FromState' => '',
  'SmsStatus' => 'received',
  'FromCity' => '',
  'Body' => '干啥子',
  'FromCountry' => 'CN',
  'To' => '+18085186766',
  'ToZip' => '',
  'NumSegments' => '1',
  'MessageSid' => 'SM464099ecda65aae1fba5f7df5ec658a2',
  'AccountSid' => 'ACde4503f710ed1a660ef2d2bf9951d2a9',
  'From' => '+8618282951094',
  'ApiVersion' => '2010-04-01',
)